Config file: ../../resources/BiSUNAConfClean.ini 
Using binary neurons
OpenCL mode, device: 8
 ----------------------------------
  CL_DEVICE_NAME:					xilinx_u50_gen3x16_xdma_201920_3
  CL_DEVICE_VERSION:				OpenCL 1.0
  CL_DEVICE_MAX_COMPUTE_UNITS:		0
  CL_DEVICE_MAX_WORK_ITEM_DIMENSIONS:3
  CL_DEVICE_MAX_WORK_ITEM_SIZES:	4294967295 / 4294967295 / 4294967295 
  CL_DEVICE_MAX_WORK_GROUP_SIZE:	4294967295
  CL_DEVICE_MAX_MEM_ALLOC_SIZE:		4096 MByte
  CL_DEVICE_GLOBAL_MEM_SIZE:		8192 MByte
  CL_DEVICE_LOCAL_MEM_SIZE:			16 KByte
  CL_DEVICE_MEM_BASE_ADDR_ALIGN:	1 KByte
  CL_DEVICE_PROFILING_TIMER_RESOLUTION:	1 ns
 ----------------------------------
Generation: 0
Best Fitness: -223.000000
----------------------------------------
Generation: 1
Best Fitness: -588.000000
----------------------------------------
TimeDiff: 3 secs
Last best score: -588.000000
XRT build version: 2.6.655
Build hash: 2d6bfe4ce91051d4e5b499d38fc493586dd4859a
Build date: 2020-05-22 12:05:03
Git branch: 2020.1
PID: 20001
UID: 1000
[Tue Oct 13 14:38:19 2020]
HOST: klugoo
EXE: /home/klugo/workspace/BiSUNA-U50/Emulation-SW/BiSUNA-U50
[XRT] WARNING: Profiling may contain incomplete information. Please ensure all OpenCL objects are released by your host code (e.g., clReleaseProgram()).
