Config file: ../../resources/BiSUNAConfClean.ini 
Using binary neurons
OpenCL mode, device: 8
 ----------------------------------
  CL_DEVICE_NAME:					xilinx_u50_gen3x16_xdma_201920_3
  CL_DEVICE_VERSION:				OpenCL 1.0
  CL_DEVICE_MAX_COMPUTE_UNITS:		0
  CL_DEVICE_MAX_WORK_ITEM_DIMENSIONS:3
  CL_DEVICE_MAX_WORK_ITEM_SIZES:	4294967295 / 4294967295 / 4294967295 
  CL_DEVICE_MAX_WORK_GROUP_SIZE:	4294967295
  CL_DEVICE_MAX_MEM_ALLOC_SIZE:		4096 MByte
  CL_DEVICE_GLOBAL_MEM_SIZE:		8192 MByte
  CL_DEVICE_LOCAL_MEM_SIZE:			16 KByte
  CL_DEVICE_MEM_BASE_ADDR_ALIGN:	1 KByte
  CL_DEVICE_PROFILING_TIMER_RESOLUTION:	1 ns
 ----------------------------------
INFO: [HW-EM 01] Hardware emulation runs simulation underneath. Using a large data set will result in long simulation times. It is recommended that a small dataset is used for faster execution. The flow uses approximate models for DDR memory and interconnect and hence the performance data generated is approximate.
Generation: 0
INFO::[ Vitis-EM 22 ] [Time elapsed: 4 minute(s) 47 seconds, Emulation time: 0.0803011 ms]
Data transfer between kernel(s) and global memory(s)
processStateG_1:m_axi_gmem-HBM[0:2]          RD = 10.812 KB              WR = 1.125 KB        
processStateG_2:m_axi_gmem-HBM[0:2]          RD = 8.625 KB               WR = 1.031 KB        
processStateG_3:m_axi_gmem-HBM[0:2]          RD = 0.000 KB               WR = 0.000 KB        
processStateG_4:m_axi_gmem-HBM[0:2]          RD = 0.000 KB               WR = 0.000 KB        

INFO::[ Vitis-EM 22 ] [Time elapsed: 9 minute(s) 47 seconds, Emulation time: 0.170079 ms]
Data transfer between kernel(s) and global memory(s)
processStateG_1:m_axi_gmem-HBM[0:2]          RD = 33.016 KB              WR = 3.594 KB        
processStateG_2:m_axi_gmem-HBM[0:2]          RD = 23.734 KB              WR = 3.578 KB        
processStateG_3:m_axi_gmem-HBM[0:2]          RD = 0.000 KB               WR = 0.000 KB        
processStateG_4:m_axi_gmem-HBM[0:2]          RD = 0.000 KB               WR = 0.000 KB        

