# 
# Steps log generated by v++
# This log file contains a collection of steps that describe the kernel compilation flow
# Note: Some steps are tagged as internal, these steps are for debugging purposes and 
#       are not expected to be able to run independently.
# 

# The following environment variables are set when running v++
Environment variables :
------------------------------------------
CLUTTER_IM_MODULE=xim
RT_TCL_PATH=/opt/xilinx/Vitis/2020.1/scripts/rt/base_tcl/tcl
LD_LIBRARY_PATH=/opt/xilinx/Vitis/2020.1/lib/lnx64.o/Ubuntu/18:/opt/xilinx/Vitis/2020.1/lib/lnx64.o/Ubuntu:/opt/xilinx/Vitis/2020.1/lib/lnx64.o:/opt/xilinx/Vitis/2020.1/tps/lnx64/jre9.0.4/lib/:/opt/xilinx/Vitis/2020.1/tps/lnx64/jre9.0.4/lib//server:/opt/xilinx/Vitis/2020.1/lib/lnx64.o/Ubuntu/18:/opt/xilinx/Vitis/2020.1/lib/lnx64.o/Ubuntu:/opt/xilinx/Vitis/2020.1/lib/lnx64.o:/opt/xilinx/Vitis/2020.1/lib/lnx64.o/Ubuntu/18:/opt/xilinx/Vitis/2020.1/lib/lnx64.o/Ubuntu:/opt/xilinx/Vitis/2020.1/lib/lnx64.o:/opt/xilinx/Vitis/2020.1/tps/lnx64/jre9.0.4/lib/:/opt/xilinx/Vitis/2020.1/tps/lnx64/jre9.0.4/lib//server:/opt/xilinx/Vitis/2020.1/lib/lnx64.o:/opt/xilinx/Vitis/2020.1/lib/lnx64.o/Ubuntu/18:/opt/xilinx/Vitis/2020.1/lib/lnx64.o/Ubuntu:/opt/xilinx/Vitis/2020.1/lib/lnx64.o:/opt/xilinx/xrt/lib::/opt/xilinx/Vitis/2020.1/bin/../lnx64/tools/dot/lib:/opt/xilinx/Vitis/2020.1/bin/../lnx64/tools/dot/lib
XILINX_VITIS=/opt/xilinx/Vitis/2020.1
PYTHONHOME=/opt/xilinx/Vitis/2020.1/tps/lnx64/python-2.7.16/
XDG_MENU_PREFIX=gnome-
XILINX_DSP=
CHESSDIR=/opt/xilinx/Vitis/2020.1/cardano/tps/lnx64/target/chessdir
RDI_PATCHROOT=
RT_LIBPATH=/opt/xilinx/Vitis/2020.1/scripts/rt/data
LANG=en_NZ.UTF-8
DISPLAY=:0
RDI_INSTALLROOT=/opt/xilinx
OLDPWD=/opt/xilinx/Vitis/2020.1/bin
GNOME_SHELL_SESSION_MODE=ubuntu
MPDDIR=/opt/xilinx/Vitis/2020.1/cardano/tps/lnx64/target/chessdir/mpddir
CARDANO_ROOT=/opt/xilinx/Vitis/2020.1/cardano
LM_PROJECT=ASIP_REGRESSION
RDI_PREPEND_PATH=/opt/xilinx/Vitis/2020.1/bin:/opt/xilinx/Vitis/2020.1/bin
USERNAME=klugo
CHESSROOT=/opt/xilinx/Vitis/2020.1/cardano/tps/lnx64/target
XDG_VTNR=1
GIO_LAUNCHED_DESKTOP_FILE_PID=13322
SSH_AUTH_SOCK=/run/user/1000/keyring/ssh
OXYGEN_DISABLE_INNER_SHADOWS_HACK=1
MFLAGS=
XILINX_XRT=/opt/xilinx/xrt
MANDATORY_PATH=/usr/share/gconf/ubuntu.mandatory.path
XILINX_VIVADO=/opt/xilinx/Vivado/2020.1
XILINX_SDK=/opt/xilinx/Vitis/2020.1
XILINX_PLANAHEAD=/opt/xilinx/Vitis/2020.1
XDG_SESSION_ID=1
USER=klugo
DESKTOP_SESSION=ubuntu
RDI_BASEROOT=/opt/xilinx/Vitis
QT4_IM_MODULE=xim
RDI_INSTALLVER=2020.1
TEXTDOMAINDIR=/usr/share/locale/
RDI_JAVA_VERSION=9.0.4
DEFAULTS_PATH=/usr/share/gconf/ubuntu.default.path
PWD=/home/klugo/workspace/BiSUNA-U50_system/Emulation-HW
XILINX_HLS=/opt/xilinx/Vitis/2020.1
HOME=/home/klugo
TEXTDOMAIN=im-config
SSH_AGENT_PID=1169
QT_ACCESSIBILITY=1
TCL_LIBRARY=/opt/xilinx/Vitis/2020.1/tps/tcl/tcl8.5
XDG_SESSION_TYPE=x11
XIL_CHECK_TCL_DEBUG=False
XILINX_VIVADO_HLS=/opt/xilinx/Vivado/2020.1
RDI_APPROOT=/opt/xilinx/Vitis/2020.1
XDG_DATA_DIRS=/usr/share/ubuntu:/usr/local/share/:/usr/share/:/var/lib/snapd/desktop
_RDI_DONT_SET_XILINX_AS_PATH=True
MYVIVADO=
RDI_TPS_ROOT=/opt/xilinx/Vivado/2020.1/tps/lnx64
RDI_BUILD=yes
GDK_CORE_DEVICE_EVENTS=1
ISL_IOSTREAMS_RSA=/opt/xilinx/Vitis/2020.1/tps/isl
XDG_SESSION_DESKTOP=ubuntu
RDI_PLATFORM=lnx64
RDI_BINROOT=/opt/xilinx/Vitis/2020.1/bin
RDI_PROG=/opt/xilinx/Vitis/2020.1/bin/unwrapped/lnx64.o/v++
HDIPRELDPATH=/opt/xilinx/Vitis/2020.1/lib/lnx64.o/Ubuntu/18:/opt/xilinx/Vitis/2020.1/lib/lnx64.o/Ubuntu:/opt/xilinx/Vitis/2020.1/lib/lnx64.o:/opt/xilinx/Vitis/2020.1/lib/lnx64.o/Ubuntu/18:/opt/xilinx/Vitis/2020.1/lib/lnx64.o/Ubuntu:/opt/xilinx/Vitis/2020.1/lib/lnx64.o:/opt/xilinx/Vitis/2020.1/tps/lnx64/jre9.0.4/lib/:/opt/xilinx/Vitis/2020.1/tps/lnx64/jre9.0.4/lib//server:/opt/xilinx/Vitis/2020.1/lib/lnx64.o:/opt/xilinx/Vitis/2020.1/lib/lnx64.o/Ubuntu/18:/opt/xilinx/Vitis/2020.1/lib/lnx64.o/Ubuntu:/opt/xilinx/Vitis/2020.1/lib/lnx64.o:/opt/xilinx/xrt/lib::/opt/xilinx/Vitis/2020.1/bin/../lnx64/tools/dot/lib:/opt/xilinx/Vitis/2020.1/bin/../lnx64/tools/dot/lib
RDI_DATADIR=/opt/xilinx/Vitis/2020.1/data
GTK_MODULES=gail:atk-bridge
SYNTH_COMMON=/opt/xilinx/Vitis/2020.1/scripts/rt/data
WINDOWPATH=1
LIBOVERLAY_SCROLLBAR=0
SHELL=/bin/bash
QT_IM_MODULE=xim
XMODIFIERS=@im=ibus
IM_CONFIG_PHASE=2
XDG_CURRENT_DESKTOP=ubuntu:GNOME
GPG_AGENT_INFO=/run/user/1000/gnupg/S.gpg-agent:0:1
MAKELEVEL=1
GIO_LAUNCHED_DESKTOP_FILE=/home/klugo/Desktop/Xilinx Vitis 2020.1.desktop
HDI_APPROOT=/opt/xilinx/Vitis/2020.1
XDG_SEAT=seat0
SHLVL=4
LANGUAGE=en_NZ:en
CWD=/home/klugo/workspace/BiSUNA-U50_system/Emulation-HW
PYTHONPATH=/opt/xilinx/Vitis/2020.1/tps/lnx64/python-2.7.16/lib/python2.7/lib-dynload/:/opt/xilinx/Vitis/2020.1/tps/lnx64/python-2.7.16/lib/python2.7/
XIL_NO_OVERRIDE=0
RDI_OPT_EXT=.o
GDMSESSION=ubuntu
LOGNAME=klugo
DBUS_SESSION_BUS_ADDRESS=unix:path=/run/user/1000/bus
XDG_RUNTIME_DIR=/run/user/1000
XIL_SUPPRESS_OVERRIDE_WARNINGS=1
XAUTHORITY=/run/user/1000/gdm/Xauthority
CHECKERSDIR=/opt/xilinx/Vitis/2020.1/cardano/tps/lnx64/target/chessdir/checkersdir
XDG_CONFIG_DIRS=/etc/xdg/xdg-ubuntu:/etc/xdg
PATH=/opt/xilinx/Vivado/2020.1/tps/lnx64/binutils-2.26/bin:/opt/xilinx/Vitis/2020.1/bin/../gnu/aarch64/lin/aarch64-linux/bin:/opt/xilinx/Vitis/2020.1/bin/../gnu/ppc64le/4.9.3/lnx64/bin:/opt/xilinx/Vitis/2020.1/bin/../gnu/aarch32/lin/gcc-arm-linux-gnueabi/bin:/opt/xilinx/Vivado/2020.1/tps/lnx64/gcc-6.2.0/bin:/opt/xilinx/Vivado/2020.1/gnu/microblaze/lin/bin:/opt/xilinx/Vitis/2020.1/bin:/opt/xilinx/Vitis/2020.1/tps/lnx64/jre9.0.4/bin:/opt/xilinx/Vitis/2020.1/gnu/microblaze/lin/bin:/opt/xilinx/Vitis/2020.1/gnu/microblaze/linux_toolchain/lin64_le/bin:/opt/xilinx/Vitis/2020.1/gnu/microblaze/linux_toolchain/lin64_be/bin:/opt/xilinx/Vitis/2020.1/gnu/arm/lin/bin:/opt/xilinx/Vitis/2020.1/gnu/aarch64/lin/aarch64-none/bin:/opt/xilinx/Vitis/2020.1/gnu/aarch64/lin/aarch64-linux/bin:/opt/xilinx/Vitis/2020.1/gnu/armr5/lin/gcc-arm-none-eabi/bin:/opt/xilinx/Vitis/2020.1/gnu/aarch32/lin/gcc-arm-none-eabi/bin:/opt/xilinx/Vitis/2020.1/gnu/aarch32/lin/gcc-arm-linux-gnueabi/bin:/opt/xilinx/Vitis/2020.1/tps/lnx64/cmake-3.3.2/bin::/opt/xilinx/Vitis/2020.1/cardano/bin:/opt/xilinx/Vitis/2020.1/cardano/tps/lnx64/target/bin/LNa64bin:/opt/xilinx/Vitis/2020.1/cardano/tps/lnx64/target/bin:/opt/xilinx/Vivado/2020.1/bin:/opt/xilinx/xrt/bin:/home/klugo/.local/bin:/usr/local/sbin:/usr/local/bin:/usr/sbin:/usr/bin:/sbin:/bin:/usr/games:/usr/local/games:/snap/bin
RDI_JAVA_PLATFORM=
MAKEFLAGS=
HDI_PROCESSOR=x86_64
SESSION_MANAGER=local/klugoo:@/tmp/.ICE-unix/1073,unix/klugoo:/tmp/.ICE-unix/1073
RDI_LIBDIR=/opt/xilinx/Vitis/2020.1/lib/lnx64.o/Ubuntu/18:/opt/xilinx/Vitis/2020.1/lib/lnx64.o/Ubuntu:/opt/xilinx/Vitis/2020.1/lib/lnx64.o
GTK_IM_MODULE=ibus
_=/opt/xilinx/Vitis/2020.1/bin/unwrapped/lnx64.o/v++
XILINX_CD_CONNECT_ID=44889
XILINX_CD_SESSION=e30c3312-6758-4691-a03a-9a6947661dca
XILINX_RS_PORT=37857
XILINX_RS_SESSION=4f89d56c-efe9-4715-acda-6ea7532d0e5d


V++ command line:
------------------------------------------
/opt/xilinx/Vitis/2020.1/bin/unwrapped/lnx64.o/v++ --package --config package.cfg ../../BiSUNA-U50/Emulation-HW/BiGlobal.xclbin -o BiGlobal.xclbin 

FINAL PROGRAM OPTIONS
--config package.cfg
--input_files ../../BiSUNA-U50/Emulation-HW/BiGlobal.xclbin
--optimize 0
--output BiGlobal.xclbin
--package
--package.out_dir ./package
--platform xilinx_u50_gen3x16_xdma_201920_3
--report_level 0
--save-temps
--target hw_emu
--temp_dir package.build

PARSED COMMAND LINE OPTIONS
--package 
--config package.cfg 
../../BiSUNA-U50/Emulation-HW/BiGlobal.xclbin 
-o BiGlobal.xclbin 

PARSED CONFIG FILE (1) OPTIONS
file: package.cfg
save-temps 1 
temp_dir package.build 
target hw_emu 
platform xilinx_u50_gen3x16_xdma_201920_3 
package.out_dir ./package 

EXPANDED PARAMETERS
From application of optMap.xml: 
 --xp "vivado_prop:run.__KERNEL__.{STEPS.SYNTH_DESIGN.ARGS.MORE OPTIONS}={-directive sdx_optimization_effort_high}" --xp "misc:report=type report_timing_summary name impl_report_timing_summary_route_design_summary steps {route_design} runs {impl_1} options {-max_paths 10}" --xp "misc:report=type report_timing_summary name impl_report_timing_summary_post_route_phys_opt_design_summary steps {post_route_phys_opt_design} runs {impl_1} options {-max_paths 10}"


FINAL PLATFORM PATH
/opt/xilinx/platforms/xilinx_u50_gen3x16_xdma_201920_3/xilinx_u50_gen3x16_xdma_201920_3.xpfm

==========================================
new:  steps log generated by v++ for new launch 
timestamp: 13 Oct 2020 23:50:11
